Determining if the pthread_create exist failed with the following output:
Change Dir: /home/hossein/Workspace/sandbox/Marvel_SEN_Project/CMakeFiles/CMakeTmp

Run Build Command:"/usr/bin/make" "cmTC_7a80b/fast"
make[1]: Entering directory `/home/hossein/Workspace/sandbox/Marvel_SEN_Project/CMakeFiles/CMakeTmp'
/usr/bin/make -f CMakeFiles/cmTC_7a80b.dir/build.make CMakeFiles/cmTC_7a80b.dir/build
make[2]: Entering directory `/home/hossein/Workspace/sandbox/Marvel_SEN_Project/CMakeFiles/CMakeTmp'
Building C object CMakeFiles/cmTC_7a80b.dir/CheckSymbolExists.c.o
/usr/bin/cc     -o CMakeFiles/cmTC_7a80b.dir/CheckSymbolExists.c.o   -c /home/hossein/Workspace/sandbox/Marvel_SEN_Project/CMakeFiles/CMakeTmp/CheckSymbolExists.c
Linking C executable cmTC_7a80b
/usr/local/bin/cmake -E cmake_link_script CMakeFiles/cmTC_7a80b.dir/link.txt --verbose=1
/usr/bin/cc       CMakeFiles/cmTC_7a80b.dir/CheckSymbolExists.c.o  -o cmTC_7a80b -rdynamic 
CMakeFiles/cmTC_7a80b.dir/CheckSymbolExists.c.o: In function `main':
CheckSymbolExists.c:(.text+0x16): undefined reference to `pthread_create'
collect2: error: ld returned 1 exit status
make[2]: *** [cmTC_7a80b] Error 1
make[2]: Leaving directory `/home/hossein/Workspace/sandbox/Marvel_SEN_Project/CMakeFiles/CMakeTmp'
make[1]: *** [cmTC_7a80b/fast] Error 2
make[1]: Leaving directory `/home/hossein/Workspace/sandbox/Marvel_SEN_Project/CMakeFiles/CMakeTmp'

File /home/hossein/Workspace/sandbox/Marvel_SEN_Project/CMakeFiles/CMakeTmp/CheckSymbolExists.c:
/* */
#include <pthread.h>

int main(int argc, char** argv)
{
  (void)argv;
#ifndef pthread_create
  return ((int*)(&pthread_create))[argc];
#else
  (void)argc;
  return 0;
#endif
}

Determining if the function pthread_create exists in the pthreads failed with the following output:
Change Dir: /home/hossein/Workspace/sandbox/Marvel_SEN_Project/CMakeFiles/CMakeTmp

Run Build Command:"/usr/bin/make" "cmTC_92839/fast"
make[1]: Entering directory `/home/hossein/Workspace/sandbox/Marvel_SEN_Project/CMakeFiles/CMakeTmp'
/usr/bin/make -f CMakeFiles/cmTC_92839.dir/build.make CMakeFiles/cmTC_92839.dir/build
make[2]: Entering directory `/home/hossein/Workspace/sandbox/Marvel_SEN_Project/CMakeFiles/CMakeTmp'
Building C object CMakeFiles/cmTC_92839.dir/CheckFunctionExists.c.o
/usr/bin/cc    -DCHECK_FUNCTION_EXISTS=pthread_create   -o CMakeFiles/cmTC_92839.dir/CheckFunctionExists.c.o   -c /usr/local/share/cmake-3.6/Modules/CheckFunctionExists.c
Linking C executable cmTC_92839
/usr/local/bin/cmake -E cmake_link_script CMakeFiles/cmTC_92839.dir/link.txt --verbose=1
/usr/bin/cc   -DCHECK_FUNCTION_EXISTS=pthread_create    CMakeFiles/cmTC_92839.dir/CheckFunctionExists.c.o  -o cmTC_92839 -rdynamic -lpthreads 
/usr/bin/ld: cannot find -lpthreads
collect2: error: ld returned 1 exit status
make[2]: *** [cmTC_92839] Error 1
make[2]: Leaving directory `/home/hossein/Workspace/sandbox/Marvel_SEN_Project/CMakeFiles/CMakeTmp'
make[1]: *** [cmTC_92839/fast] Error 2
make[1]: Leaving directory `/home/hossein/Workspace/sandbox/Marvel_SEN_Project/CMakeFiles/CMakeTmp'


